<?xml version="1.0" encoding="UTF-8"?>
<!-- Generated by org.testng.reporters.JUnitReportReporter -->
<testsuite hostname="DESKTOP-GURU" failures="0" tests="1" name="Put.FirstPutRequest" time="2.659" errors="0" timestamp="2024-04-11T22:10:32 IST" skipped="0">
  <testcase classname="Put.FirstPutRequest" name="putRequest" time="2.659"/>
</testsuite> <!-- Put.FirstPutRequest -->
