<?xml version="1.0" encoding="UTF-8"?>
<!-- Generated by org.testng.reporters.JUnitReportReporter -->
<testsuite hostname="DESKTOP-GURU" failures="0" tests="1" name="Post.GetPostRequest" time="2.718" errors="0" timestamp="2024-04-11T21:58:45 IST" skipped="0">
  <testcase classname="Post.GetPostRequest" name="getRequest" time="2.718"/>
</testsuite> <!-- Post.GetPostRequest -->
