<?xml version="1.0" encoding="UTF-8"?>
<!-- Generated by org.testng.reporters.JUnitReportReporter -->
<testsuite hostname="DESKTOP-GURU" failures="0" tests="1" name="Patch.FirstPatchRequest" time="2.409" errors="0" timestamp="2024-04-11T22:15:54 IST" skipped="0">
  <testcase classname="Patch.FirstPatchRequest" name="putRequest" time="2.409"/>
</testsuite> <!-- Patch.FirstPatchRequest -->
