<?xml version="1.0" encoding="UTF-8"?>
<!-- Generated by org.testng.reporters.JUnitReportReporter -->
<testsuite hostname="DESKTOP-GURU" failures="0" tests="1" name="Delete.FirstDeleteRequest" time="2.372" errors="0" timestamp="2024-04-11T22:30:00 IST" skipped="0">
  <testcase classname="Delete.FirstDeleteRequest" name="putRequest" time="2.372"/>
</testsuite> <!-- Delete.FirstDeleteRequest -->
